<?xml version="1.0" encoding="UTF-8"?>
<!-- Generated by org.testng.reporters.JUnitXMLReporter -->
<testsuite ignored="0" hostname="CSE1805568" failures="0" tests="15" name="Default test" time="470.16" errors="0" timestamp="2022-03-22T20:29:59 IST">
  <testcase classname="com.runner.OpenCartRunner" name="Scenario" time="26.931"/>
  <testcase classname="com.runner.OpenCartRunner" name="Scenario" time="49.212"/>
  <testcase classname="com.runner.OpenCartRunner" name="Scenario" time="54.972"/>
  <testcase classname="com.runner.OpenCartRunner" name="Scenario" time="19.31"/>
  <testcase classname="com.runner.OpenCartRunner" name="Scenario" time="20.723"/>
  <testcase classname="com.runner.OpenCartRunner" name="Scenario" time="24.372"/>
  <testcase classname="com.runner.OpenCartRunner" name="Scenario" time="22.154"/>
  <testcase classname="com.runner.OpenCartRunner" name="Scenario" time="20.766"/>
  <testcase classname="com.runner.OpenCartRunner" name="Scenario" time="26.153"/>
  <testcase classname="com.runner.OpenCartRunner" name="Scenario" time="25.613"/>
  <testcase classname="com.runner.OpenCartRunner" name="Scenario" time="31.551"/>
  <testcase classname="com.runner.OpenCartRunner" name="Scenario" time="26.833"/>
  <testcase classname="com.runner.OpenCartRunner" name="Scenario" time="31.744"/>
  <testcase classname="com.runner.OpenCartRunner" name="Scenario" time="41.473"/>
  <testcase classname="com.runner.OpenCartRunner" name="Scenario" time="45.705"/>
</testsuite> <!-- Default test -->
