<?xml version="1.0" encoding="UTF-8"?>
<!-- Generated by org.testng.reporters.JUnitXMLReporter -->
<testsuite ignored="0" hostname="CSE1805568" failures="0" tests="19" name="Default test" time="152.545" errors="0" timestamp="2022-03-22T12:02:31 IST">
  <testcase classname="com.runner.OpenCartRunner" name="Scenario" time="17.541"/>
  <testcase classname="com.runner.OpenCartRunner" name="Scenario" time="6.024"/>
  <testcase classname="com.runner.OpenCartRunner" name="Scenario" time="7.498"/>
  <testcase classname="com.runner.OpenCartRunner" name="Scenario" time="7.707"/>
  <testcase classname="com.runner.OpenCartRunner" name="Scenario" time="5.412"/>
  <testcase classname="com.runner.OpenCartRunner" name="Scenario" time="4.333"/>
  <testcase classname="com.runner.OpenCartRunner" name="Scenario" time="16.528"/>
  <testcase classname="com.runner.OpenCartRunner" name="Scenario" time="17.071"/>
  <testcase classname="com.runner.OpenCartRunner" name="Scenario" time="6.239"/>
  <testcase classname="com.runner.OpenCartRunner" name="Scenario" time="6.373"/>
  <testcase classname="com.runner.OpenCartRunner" name="Scenario" time="6.458"/>
  <testcase classname="com.runner.OpenCartRunner" name="Scenario" time="4.977"/>
  <testcase classname="com.runner.OpenCartRunner" name="Scenario" time="7.088"/>
  <testcase classname="com.runner.OpenCartRunner" name="Scenario" time="6.374"/>
  <testcase classname="com.runner.OpenCartRunner" name="Scenario" time="6.846"/>
  <testcase classname="com.runner.OpenCartRunner" name="Scenario" time="5.62"/>
  <testcase classname="com.runner.OpenCartRunner" name="Scenario" time="6.535"/>
  <testcase classname="com.runner.OpenCartRunner" name="Scenario" time="6.129"/>
  <testcase classname="com.runner.OpenCartRunner" name="Scenario" time="6.169"/>
</testsuite> <!-- Default test -->
